*** Using Compiler 'V5.06 update 7 (build 960)', folder: 'C:\Keil_v5\ARM\02_arm5_compiler\Bin'
Rebuild target 'Target 1'
assembling startup_stm32f10x_md.s...
compiling list.c...
compiling croutine.c...
compiling core_cm3.c...
compiling event_groups.c...
compiling system_stm32f10x.c...
compiling main.c...
compiling queue.c...
compiling timers.c...
compiling heap_4.c...
compiling stream_buffer.c...
compiling tasks.c...
compiling Inf_LED.c...
compiling port.c...
compiling Dri_I2C.c...
compiling Dri_SPI.c...
compiling Dri_TIM.c...
compiling Inf_OLED1315.c...
compiling App_Task.c...
compiling Inf_TB6612.c...
compiling Driver_Usart.c...
compiling App_Car.c...
compiling Inf_MPU6050.c...
compiling Int_Encoder.c...
linking...
Program Size: Code=4008 RO-data=7964 RW-data=68 ZI-data=2916  
FromELF: creating hex file...
".\Objects\car_register.axf" - 0 Error(s), 0 Warning(s).
Build Time Elapsed:  00:00:02
